Oct 16 21:18:25 host=smtp.uio.no tls=on auth=on user=rafpal from=rafael.palomar@ous-research.no recipients=palomar.research@gmail.com smtpstatus=535 smtpmsg='535 Incorrect authentication data' errormsg='authentication failed (method PLAIN)' exitcode=EX_NOPERM
Oct 16 21:19:15 host=smtp.uio.no tls=on auth=on user=rafpal from=rafael.palomar@ous-research.no recipients=palomar.research@gmail.com smtpstatus=535 smtpmsg='535 Incorrect authentication data' errormsg='authentication failed (method PLAIN)' exitcode=EX_NOPERM
Oct 16 21:22:16 host=smtp.uio.no tls=on auth=on user=rafpal from=rafael.palomar@ous-research.no recipients=palomar.research@gmail.com smtpstatus=535 smtpmsg='535 Incorrect authentication data' errormsg='authentication failed (method PLAIN)' exitcode=EX_NOPERM
Oct 16 21:23:51 host=smtp.uio.no tls=on auth=on user=rafaelpa from=rafael.palomar@ous-research.no recipients=palomar.research@gmail.com smtpstatus=535 smtpmsg='535 Incorrect authentication data' errormsg='authentication failed (method PLAIN)' exitcode=EX_NOPERM
Oct 16 21:24:44 host=smtp.uio.no tls=off auth=on user=rafaelpa from=rafael.palomar@ous-research.no recipients=palomar.research@gmail.com errormsg='the server does not support authentication' exitcode=EX_UNAVAILABLE
Oct 16 21:25:28 host=smtp.uio.no tls=on auth=on user=rafaelpa from=rafael.palomar@ous-research.no recipients=palomar.research@gmail.com smtpstatus=535 smtpmsg='535 Incorrect authentication data' errormsg='authentication failed (method PLAIN)' exitcode=EX_NOPERM
Oct 16 21:26:23 host=smtp.uio.no tls=on auth=on user=rafaelpa from=rafael.palomar@ous-research.no recipients=palomar.research@gmail.com smtpstatus=535 smtpmsg='535 Incorrect authentication data' errormsg='authentication failed (method LOGIN)' exitcode=EX_NOPERM
Oct 16 21:27:01 host=smtp.uio.no tls=on auth=on user=uio\rafaelpa from=rafael.palomar@ous-research.no recipients=palomar.research@gmail.com smtpstatus=535 smtpmsg='535 Incorrect authentication data' errormsg='authentication failed (method PLAIN)' exitcode=EX_NOPERM
Oct 16 21:27:54 host=smtp.uio.no tls=off auth=on user=rafaelpa from=rafael.palomar@ous-research.no recipients=palomar.research@gmail.com errormsg='the server does not support authentication' exitcode=EX_UNAVAILABLE
Oct 16 21:29:48 host=smtp.uio.no tls=on auth=on user=rafaelpa from=rafael.palomar@ous-research.no recipients=palomar.research@gmail.com smtpstatus=535 smtpmsg='535 Incorrect authentication data' errormsg='authentication failed (method PLAIN)' exitcode=EX_NOPERM
Oct 16 21:30:37 host=smtp.uio.no tls=on auth=on user=rafael.palomar from=rafael.palomar@ous-research.no recipients=palomar.research@gmail.com smtpstatus=535 smtpmsg='535 Incorrect authentication data' errormsg='authentication failed (method PLAIN)' exitcode=EX_NOPERM
Oct 16 21:31:19 host=smtp.uio.no tls=on auth=on user=uio\rafaelpa from=rafael.palomar@ous-research.no recipients=palomar.research@gmail.com smtpstatus=535 smtpmsg='535 Incorrect authentication data' errormsg='authentication failed (method PLAIN)' exitcode=EX_NOPERM
Oct 16 21:32:33 host=smtp.uio.no tls=on auth=on user=rafaelpa from=rafael.palomar@ous-research.no recipients=palomar.research@gmail.com errormsg='the server does not support authentication method NTLM' exitcode=EX_UNAVAILABLE
Oct 16 21:33:11 host=smtp.uio.no tls=on auth=on user=rafaelpa from=rafael.palomar@ous-research.no recipients=palomar.research@gmail.com smtpstatus=535 smtpmsg='535 Incorrect authentication data' errormsg='authentication failed (method LOGIN)' exitcode=EX_NOPERM
Oct 16 21:34:37 host=smtp.uio.no tls=on auth=on user=rafaelpa from=rafael.palomar@ous-research.no recipients=palomar.research@gmail.com smtpstatus=535 smtpmsg='535 Incorrect authentication data' errormsg='authentication failed (method PLAIN)' exitcode=EX_NOPERM
Oct 16 21:35:17 host=smtp.uio.no tls=on auth=on user=rafaelpa from=rafael.palomar@ous-research.no recipients=palomar.research@gmail.com smtpstatus=535 smtpmsg='535 Incorrect authentication data' errormsg='authentication failed (method LOGIN)' exitcode=EX_NOPERM
Oct 16 21:42:48 host=smtp.uio.no tls=on auth=on user=rafaelpa from=rafael.palomar@ous-research.no recipients=palomar.research@gmail.com smtpstatus=535 smtpmsg='535 Incorrect authentication data' errormsg='authentication failed (method LOGIN)' exitcode=EX_NOPERM
Oct 16 21:44:28 host=smtp.uio.no tls=on auth=on user=rafaelpa from=rafael.palomar@ous-research.no recipients=palomar.research@gmail.com smtpstatus=535 smtpmsg='535 Incorrect authentication data' errormsg='authentication failed (method PLAIN)' exitcode=EX_NOPERM
Oct 16 21:45:23 host=smtp.uio.no tls=on auth=on user=rafaelpa from=rafael.palomar@ous-research.no recipients=palomar.research@gmail.com smtpstatus=535 smtpmsg='535 Incorrect authentication data' errormsg='authentication failed (method PLAIN)' exitcode=EX_NOPERM
Oct 16 21:45:44 host=smtp.uio.no tls=on auth=on user=rafaelpa from=rafael.palomar@ous-research.no recipients=palomar.research@gmail.com smtpstatus=535 smtpmsg='535 Incorrect authentication data' errormsg='authentication failed (method PLAIN)' exitcode=EX_NOPERM
Oct 16 21:58:05 host=smtp.uio.no tls=on auth=on user=rafaelpa from=rafael.palomar@ous-research.no recipients=palomar.research@gmail.com errormsg='the server sent an empty reply' exitcode=EX_PROTOCOL
Oct 16 22:00:12 host=smtp.uio.no tls=on auth=on user=rafaelpa from=rafael.palomar@ous-research.no recipients=palomar.research@gmail.com smtpstatus=535 smtpmsg='535 Incorrect authentication data' errormsg='authentication failed (method PLAIN)' exitcode=EX_NOPERM
Oct 16 22:07:35 host=smtp.uio.no tls=on auth=on user=rafaelpa from=rafael.palomar@ous-research.no recipients=palomar.research@gmail.com smtpstatus=535 smtpmsg='535 Incorrect authentication data' errormsg='authentication failed (method PLAIN)' exitcode=EX_NOPERM
Oct 16 22:13:02 host=smtp.uio.no tls=on auth=on user=rafaelpa from=rafael.palomar@ous-research.no recipients=palomar.research@gmail.com smtpstatus=535 smtpmsg='535 Incorrect authentication data' errormsg='authentication failed (method PLAIN)' exitcode=EX_NOPERM
Oct 16 22:14:04 host=smtp.uio.no tls=on auth=on user=rafaelpa from=rafael.palomar@ous-research.no recipients=palomar.research@gmail.com errormsg='TLS handshake failed: An unexpected TLS packet was received.' exitcode=EX_PROTOCOL
Oct 16 22:35:05 host=smtp.uio.no tls=on auth=on user=rafaelpa from=rafael.palomar@ous-research.no recipients=palomar.research@gmail.com errormsg='TLS handshake failed: An unexpected TLS packet was received.' exitcode=EX_PROTOCOL
Oct 16 22:35:55 host=smtp.uio.no tls=on auth=on user=rafaelpa from=rafael.palomar@ous-research.no recipients=palomar.research@gmail.com errormsg='TLS handshake failed: An unexpected TLS packet was received.' exitcode=EX_PROTOCOL
Oct 16 22:37:27 host=smtp.uio.no tls=on auth=on user=rafaelpa from=rafael.palomar@ous-research.no recipients=palomar.research@gmail.com mailsize=311 smtpstatus=250 smtpmsg='250 OK id=1t1Alq-00000000Fuc-2qH8' exitcode=EX_OK
Oct 16 23:28:30 host=smtp.uio.no tls=on auth=on user=rafaelpa from=rafael.palomar@ous-research.no recipients=palomar.research@gmail.com mailsize=312 smtpstatus=250 smtpmsg='250 OK id=1t1BZF-000000007Po-3ldv' exitcode=EX_OK
Oct 16 23:37:36 host=smtp.uio.no tls=on auth=on user=rafaelpa from=rafael.palomar@ous-research.no recipients=palomar.rafael@gmail.com mailsize=310 smtpstatus=250 smtpmsg='250 OK id=1t1Bi3-000000002AK-3ZvH' exitcode=EX_OK
Oct 17 14:21:44 host=smtp.uio.no tls=on auth=on user=rafaelpa from=rafael.palomar@ous-research.no recipients=palomar.research@gmail.com errormsg='cannot connect to smtp.uio.no, port 587: Connection refused' exitcode=EX_TEMPFAIL
Oct 17 14:23:29 host=smtp.office365.com tls=on auth=on user=rafael.palomar@ntnu.no from=rafael.palomar@ntnu.no recipients=palomar.research@gmail.com smtpstatus=535 smtpmsg='535 5.7.139 Authentication unsuccessful, the request did not meet the criteria to be authenticated successfully. Contact your administrator. [OS6P279CA0023.NORP279.PROD.OUTLOOK.COM 2024-10-17T12:23:29.053Z 08DCEE08303FA914]' errormsg='authentication failed (method LOGIN)' exitcode=EX_NOPERM
Oct 17 14:24:17 host=smtp.office365.com tls=on auth=on user=rafael.palomar@ntnu.no from=rafael.palomar@ntnu.no recipients=palomar.research@gmail.com smtpstatus=535 smtpmsg='535 5.7.3 Authentication unsuccessful [OS6P279CA0038.NORP279.PROD.OUTLOOK.COM 2024-10-17T12:24:17.246Z 08DCEE6C3C04820E]' errormsg='authentication failed (method XOAUTH2)' exitcode=EX_NOPERM
Oct 17 14:25:07 host=smtp.office365.com tls=on auth=on user=rafael.palomar@ntnu.no from=rafael.palomar@ntnu.no recipients=palomar.research@gmail.com smtpstatus=535 smtpmsg='535 5.7.3 Authentication unsuccessful [OS6P279CA0145.NORP279.PROD.OUTLOOK.COM 2024-10-17T12:25:07.525Z 08DCEE5BFAA6F45B]' errormsg='authentication failed (method XOAUTH2)' exitcode=EX_NOPERM
Oct 17 14:25:44 host=smtp.office365.com tls=on auth=on user=rafael.palomar@ntnu.no from=rafael.palomar@ntnu.no recipients=palomar.research@gmail.com smtpstatus=535 smtpmsg='535 5.7.3 Authentication unsuccessful [OS6P279CA0165.NORP279.PROD.OUTLOOK.COM 2024-10-17T12:25:44.522Z 08DCEE21E7011118]' errormsg='authentication failed (method XOAUTH2)' exitcode=EX_NOPERM
Oct 17 14:30:43 host=smtp.office365.com tls=on auth=on user=rafaelp@ntnu.no from=rafael.palomar@ntnu.no recipients=palomar.research@gmail.com mailsize=307 smtpstatus=250 smtpmsg='250 2.0.0 OK <iqlt45x7662m7bjofxeytqtnubegpetjbtouiwyhmwoeac2r2k@zvpmooofrgtb> [Hostname=OLAP279MB0293.NORP279.PROD.OUTLOOK.COM]' exitcode=EX_OK
Oct 17 17:58:48 host=smtp.uio.no tls=on auth=on user=rafaelpa from=rafael.palomar@ous-research.no recipients=oelle@ous-hf.no,UXROKR@ous-hf.no,aafret@ous-hf.no,rahul.kumar@ous-research.no,i.s.balasingham@ous-research.no mailsize=1305 smtpstatus=250 smtpmsg='250 OK id=1t1Stj-00000000BOv-3kXw' exitcode=EX_OK
Oct 17 19:10:33 host=smtp.uio.no tls=on auth=on user=rafaelpa from=rafael.palomar@ous-research.no recipients=jpascau@ing.uc3m.es mailsize=3422 smtpstatus=250 smtpmsg='250 OK id=1t1U1B-00000000DU9-0nGH' exitcode=EX_OK
Oct 17 19:13:25 host=smtp.office365.com tls=on auth=on user=rafaelp@ntnu.no from=rafael.palomar@ntnu.no recipients=antoine.vacavant@uca.fr mailsize=2231 smtpstatus=250 smtpmsg='250 2.0.0 OK <qxh4konjjyswl665mjj5m3ok7ne2ogxnp4meochwuyafkfu4gx@oanneejsbur6> [Hostname=OLAP279MB0293.NORP279.PROD.OUTLOOK.COM]' exitcode=EX_OK
Oct 17 19:14:30 host=smtp.office365.com tls=on auth=on user=rafaelp@ntnu.no from=rafael.palomar@ntnu.no recipients=fruzsina.molnar-gabor@uni-heidelberg.de,M.Nolden@dkfz-heidelberg.de mailsize=2706 smtpstatus=250 smtpmsg='250 2.0.0 OK <av7wpwoby4hpnujrx2mtkrbh42xnwkyjam3eyjtcljiktjrvjo@4zqbjgp5nvah> [Hostname=OLAP279MB0293.NORP279.PROD.OUTLOOK.COM]' exitcode=EX_OK
Oct 17 19:23:58 host=smtp.uio.no tls=on auth=on user=rafaelpa from=rafael.palomar@ous-research.no recipients=airibar@vicomtech.org mailsize=5672 smtpstatus=250 smtpmsg='250 OK id=1t1UE9-00000000FbR-2Wux' exitcode=EX_OK
Oct 17 21:21:57 host=smtp.office365.com tls=on auth=on user=rafaelp@ntnu.no from=rafael.palomar@ntnu.no recipients=ruoyan.meng@ntnu.no,OleVegard.Solberg@sintef.no,dalbenzio.gabriella@gmail.com mailsize=1280 smtpstatus=250 smtpmsg='250 2.0.0 OK <pittjkgyyhmiavzjdzjnalxd3kbuc2r5xblwlkpnlegtl36w4m@tl7ewthd5l4e> [Hostname=OLAP279MB0293.NORP279.PROD.OUTLOOK.COM]' exitcode=EX_OK
Oct 17 21:22:48 host=smtp.office365.com tls=on auth=on user=rafaelp@ntnu.no from=rafael.palomar@ntnu.no recipients=chunhong.luo@ntnu.no,calsan@ous-hf.no,faouzi.cheikh@ntnu.no mailsize=9222 smtpstatus=250 smtpmsg='250 2.0.0 OK <oxn26dcappl7r6m56i3x6wylmwfwqsuti54of266y3smc45pjf@z2jsaryzmnwa> [Hostname=OLAP279MB0293.NORP279.PROD.OUTLOOK.COM]' exitcode=EX_OK
Oct 18 18:32:12 host=smtp.uio.no tls=on auth=on user=rafaelpa from=rafael.palomar@ous-research.no recipients=sara.moccia@unich.it mailsize=1622 smtpstatus=250 smtpmsg='250 OK id=1t1ptb-000000000Sc-2vUq' exitcode=EX_OK
Oct 19 12:35:38 host=smtp.uio.no tls=on auth=on user=rafaelpa from=rafael.palomar@ous-research.no recipients=szelenika@uniri.hr mailsize=3455 smtpstatus=250 smtpmsg='250 OK id=1t26o6-000000001Io-0skN' exitcode=EX_OK
Oct 19 12:42:24 host=smtp.office365.com tls=on auth=on user=rafaelp@ntnu.no from=rafael.palomar@ntnu.no recipients=juan.ruiz@ulpgc.es mailsize=1048 smtpstatus=250 smtpmsg='250 2.0.0 OK <viq4tlninvcakqav7brcp2dhm64a7sknnuv647mtuviq3tdlxz@36jfdicxyv5r> [Hostname=OLAP279MB0293.NORP279.PROD.OUTLOOK.COM]' exitcode=EX_OK
Oct 26 10:20:19 host=smtp.office365.com tls=on auth=on user=rafaelp@ntnu.no from=rafael.palomar@ntnu.no recipients=ig/mutt/accounts/rafael.palomar@ntnu.no.muttrc mailsize=41383 smtpstatus=250 smtpmsg='250 2.0.0 OK <6ab4uxumsuajlxvcomwp6t7nnw2eajfqxtt2omp4k5xyjral7p@4rrrrpejgh4k> [Hostname=OLAP279MB0293.NORP279.PROD.OUTLOOK.COM]' exitcode=EX_OK
